<?xml version="1.0" encoding="UTF-8"?>
<!-- Generated by org.testng.reporters.JUnitXMLReporter -->
<testsuite ignored="0" hostname="Chytra" failures="0" tests="5" name="Test" time="36.066" errors="0" timestamp="08 May 2022 18:36:19 GMT">
  <testcase classname="com.test.sample.practice_automation.tests.AutomationScripts" name="validateBasicAuthByProvidingCorrectUNandPWD" time="0.532"/>
  <testcase classname="com.test.sample.practice_automation.tests.AutomationScripts" name="validateFileUpload" time="1.887"/>
  <testcase classname="com.test.sample.practice_automation.tests.AutomationScripts" name="validateFormAuthenticationForValidUNandPWD" time="1.632"/>
  <testcase classname="com.test.sample.practice_automation.tests.AutomationScripts" name="validateFormAuthenticationForInvalidUNandPWD" time="1.6"/>
  <testcase classname="com.test.sample.practice_automation.tests.AutomationScripts" name="validateCheckboxStatus" time="0.51"/>
</testsuite> <!-- Test -->
