<?xml version="1.0" encoding="UTF-8"?>
<testng-results ignored="0" total="5" passed="5" failed="0" skipped="0">
  <reporter-output>
  </reporter-output>
  <suite started-at="2022-05-08T18:35:42Z" name="Suite" finished-at="2022-05-08T18:36:19Z" duration-ms="36066">
    <groups>
    </groups>
    <test started-at="2022-05-08T18:35:42Z" name="Test" finished-at="2022-05-08T18:36:19Z" duration-ms="36066">
      <class name="com.test.sample.practice_automation.tests.AutomationScripts">
        <test-method is-config="true" signature="setupBrowserDriverPath()[pri:0, instance:com.test.sample.practice_automation.tests.AutomationScripts@563f38c4]" started-at="2022-05-08T18:35:42Z" name="setupBrowserDriverPath" finished-at="2022-05-08T18:35:42Z" duration-ms="449" status="PASS">
          <reporter-output>
          </reporter-output>
        </test-method> <!-- setupBrowserDriverPath -->
        <test-method is-config="true" signature="initBrowser()[pri:0, instance:com.test.sample.practice_automation.tests.AutomationScripts@563f38c4]" started-at="2022-05-08T18:35:42Z" name="initBrowser" finished-at="2022-05-08T18:35:47Z" duration-ms="4899" status="PASS">
          <reporter-output>
          </reporter-output>
        </test-method> <!-- initBrowser -->
        <test-method signature="validateBasicAuthByProvidingCorrectUNandPWD()[pri:0, instance:com.test.sample.practice_automation.tests.AutomationScripts@563f38c4]" started-at="2022-05-08T18:35:47Z" name="validateBasicAuthByProvidingCorrectUNandPWD" finished-at="2022-05-08T18:35:48Z" duration-ms="532" status="PASS">
          <reporter-output>
          </reporter-output>
        </test-method> <!-- validateBasicAuthByProvidingCorrectUNandPWD -->
        <test-method is-config="true" signature="teardown()[pri:0, instance:com.test.sample.practice_automation.tests.AutomationScripts@563f38c4]" started-at="2022-05-08T18:35:48Z" name="teardown" finished-at="2022-05-08T18:35:49Z" duration-ms="915" status="PASS">
          <reporter-output>
          </reporter-output>
        </test-method> <!-- teardown -->
        <test-method is-config="true" signature="initBrowser()[pri:0, instance:com.test.sample.practice_automation.tests.AutomationScripts@563f38c4]" started-at="2022-05-08T18:35:49Z" name="initBrowser" finished-at="2022-05-08T18:35:54Z" duration-ms="5216" status="PASS">
          <reporter-output>
          </reporter-output>
        </test-method> <!-- initBrowser -->
        <test-method signature="validateFileUpload()[pri:1, instance:com.test.sample.practice_automation.tests.AutomationScripts@563f38c4]" started-at="2022-05-08T18:35:54Z" name="validateFileUpload" finished-at="2022-05-08T18:35:56Z" duration-ms="1887" status="PASS">
          <reporter-output>
          </reporter-output>
        </test-method> <!-- validateFileUpload -->
        <test-method is-config="true" signature="teardown()[pri:0, instance:com.test.sample.practice_automation.tests.AutomationScripts@563f38c4]" started-at="2022-05-08T18:35:56Z" name="teardown" finished-at="2022-05-08T18:35:57Z" duration-ms="854" status="PASS">
          <reporter-output>
          </reporter-output>
        </test-method> <!-- teardown -->
        <test-method is-config="true" signature="initBrowser()[pri:0, instance:com.test.sample.practice_automation.tests.AutomationScripts@563f38c4]" started-at="2022-05-08T18:35:57Z" name="initBrowser" finished-at="2022-05-08T18:36:03Z" duration-ms="5933" status="PASS">
          <reporter-output>
          </reporter-output>
        </test-method> <!-- initBrowser -->
        <test-method signature="validateFormAuthenticationForValidUNandPWD()[pri:2, instance:com.test.sample.practice_automation.tests.AutomationScripts@563f38c4]" started-at="2022-05-08T18:36:03Z" name="validateFormAuthenticationForValidUNandPWD" finished-at="2022-05-08T18:36:04Z" duration-ms="1632" status="PASS">
          <reporter-output>
          </reporter-output>
        </test-method> <!-- validateFormAuthenticationForValidUNandPWD -->
        <test-method is-config="true" signature="teardown()[pri:0, instance:com.test.sample.practice_automation.tests.AutomationScripts@563f38c4]" started-at="2022-05-08T18:36:04Z" name="teardown" finished-at="2022-05-08T18:36:05Z" duration-ms="875" status="PASS">
          <reporter-output>
          </reporter-output>
        </test-method> <!-- teardown -->
        <test-method is-config="true" signature="initBrowser()[pri:0, instance:com.test.sample.practice_automation.tests.AutomationScripts@563f38c4]" started-at="2022-05-08T18:36:05Z" name="initBrowser" finished-at="2022-05-08T18:36:10Z" duration-ms="4981" status="PASS">
          <reporter-output>
          </reporter-output>
        </test-method> <!-- initBrowser -->
        <test-method signature="validateFormAuthenticationForInvalidUNandPWD()[pri:3, instance:com.test.sample.practice_automation.tests.AutomationScripts@563f38c4]" started-at="2022-05-08T18:36:10Z" name="validateFormAuthenticationForInvalidUNandPWD" finished-at="2022-05-08T18:36:12Z" duration-ms="1600" status="PASS">
          <reporter-output>
          </reporter-output>
        </test-method> <!-- validateFormAuthenticationForInvalidUNandPWD -->
        <test-method is-config="true" signature="teardown()[pri:0, instance:com.test.sample.practice_automation.tests.AutomationScripts@563f38c4]" started-at="2022-05-08T18:36:12Z" name="teardown" finished-at="2022-05-08T18:36:13Z" duration-ms="841" status="PASS">
          <reporter-output>
          </reporter-output>
        </test-method> <!-- teardown -->
        <test-method is-config="true" signature="initBrowser()[pri:0, instance:com.test.sample.practice_automation.tests.AutomationScripts@563f38c4]" started-at="2022-05-08T18:36:13Z" name="initBrowser" finished-at="2022-05-08T18:36:17Z" duration-ms="4424" status="PASS">
          <reporter-output>
          </reporter-output>
        </test-method> <!-- initBrowser -->
        <test-method signature="validateCheckboxStatus()[pri:4, instance:com.test.sample.practice_automation.tests.AutomationScripts@563f38c4]" started-at="2022-05-08T18:36:17Z" name="validateCheckboxStatus" finished-at="2022-05-08T18:36:18Z" duration-ms="510" status="PASS">
          <reporter-output>
          </reporter-output>
        </test-method> <!-- validateCheckboxStatus -->
        <test-method is-config="true" signature="teardown()[pri:0, instance:com.test.sample.practice_automation.tests.AutomationScripts@563f38c4]" started-at="2022-05-08T18:36:18Z" name="teardown" finished-at="2022-05-08T18:36:19Z" duration-ms="935" status="PASS">
          <reporter-output>
          </reporter-output>
        </test-method> <!-- teardown -->
      </class> <!-- com.test.sample.practice_automation.tests.AutomationScripts -->
    </test> <!-- Test -->
  </suite> <!-- Suite -->
</testng-results>
